<?xml version="1.0" encoding="utf-8" standalone="no"?>
<!--This file represents the results of running a test suite-->
<test-results name="C:\Users\catalinmirghis\Desktop\SDLSpecFlowProject\VisualSeleniumProject\bin\Debug\VisualSeleniumProject.dll" total="1" errors="1" failures="0" not-run="0" inconclusive="0" ignored="0" skipped="0" invalid="0" date="2017-03-30" time="08:38:05">
  <environment nunit-version="3.5.0.0" clr-version="4.0.30319.42000" os-version="Microsoft Windows NT 10.0.14393.0" platform="Win32NT" cwd="C:\Users\catalinmirghis\Desktop\SDLSpecFlowProject" machine-name="EVO706" user="catalinmirghis" user-domain="EVO706" />
  <culture-info current-culture="en-US" current-uiculture="en-GB" />
  <test-suite type="Assembly" name="C:\Users\catalinmirghis\Desktop\SDLSpecFlowProject\VisualSeleniumProject\bin\Debug\VisualSeleniumProject.dll" executed="True" result="Failure" success="False" time="5.608" asserts="0">
    <properties>
      <property name="_PID" value="1064" />
      <property name="_APPDOMAIN" value="domain-" />
    </properties>
    <failure>
      <message><![CDATA[One or more child tests had errors]]></message>
      <stack-trace />
    </failure>
    <results>
      <test-suite type="TestSuite" name="VisualSeleniumProject" executed="True" result="Failure" success="False" time="5.602" asserts="0">
        <failure>
          <message><![CDATA[One or more child tests had errors]]></message>
          <stack-trace />
        </failure>
        <results>
          <test-suite type="TestSuite" name="Features" executed="True" result="Failure" success="False" time="5.602" asserts="0">
            <failure>
              <message><![CDATA[One or more child tests had errors]]></message>
              <stack-trace />
            </failure>
            <results>
              <test-suite type="TestFixture" name="APITestingDemoFeature" description="API Testing demo" executed="True" result="Failure" success="False" time="5.601" asserts="0">
                <properties>
                  <property name="Description" value="API Testing demo" />
                </properties>
                <failure>
                  <message><![CDATA[One or more child tests had errors]]></message>
                  <stack-trace />
                </failure>
                <results>
                  <test-case name="VisualSeleniumProject.Features.APITestingDemoFeature.BCMServiceTesting" description="BCM Service testing" executed="True" result="Error" success="False" time="5.327" asserts="0">
                    <categories>
                      <category name="mytag" />
                    </categories>
                    <properties>
                      <property name="Description" value="BCM Service testing" />
                    </properties>
                    <failure>
                      <message><![CDATA[Microsoft.VisualStudio.TestTools.UnitTesting.AssertFailedException : Assert.AreEqual failed. Expected:<0>. Actual:<201>. The id is]]></message>
                      <stack-trace><![CDATA[   at Microsoft.VisualStudio.TestTools.UnitTesting.Assert.HandleFailure(String assertionName, String message)
   at Microsoft.VisualStudio.TestTools.UnitTesting.Assert.AreEqual[T](T expected, T actual, String message, Object[] parameters)
   at Microsoft.VisualStudio.TestTools.UnitTesting.Assert.AreEqual[T](T expected, T actual, String message)
   at VisualSeleniumProject.com.steps.RestSharpSteps.GivenIWantToCreateANewDocumentIMakeAPOSTRequest() in C:\Users\catalinmirghis\Desktop\SDLSpecFlowProject\VisualSeleniumProject\com\steps\RestSharpSteps.cs:line 54
   at TechTalk.SpecFlow.Bindings.BindingInvoker.InvokeBinding(IBinding binding, IContextManager contextManager, Object[] arguments, ITestTracer testTracer, TimeSpan& duration)
   at TechTalk.SpecFlow.Infrastructure.TestExecutionEngine.ExecuteStepMatch(BindingMatch match, Object[] arguments)
   at TechTalk.SpecFlow.Infrastructure.TestExecutionEngine.ExecuteStep(StepInstance stepInstance)
   at TechTalk.SpecFlow.Infrastructure.TestExecutionEngine.OnAfterLastStep()
   at VisualSeleniumProject.Features.APITestingDemoFeature.ScenarioCleanup()
   at VisualSeleniumProject.Features.APITestingDemoFeature.BCMServiceTesting() in C:\Users\catalinmirghis\Desktop\SDLSpecFlowProject\VisualSeleniumProject\Features\SpecFlowFeature.feature:line 11]]></stack-trace>
                    </failure>
                  </test-case>
                </results>
              </test-suite>
            </results>
          </test-suite>
        </results>
      </test-suite>
    </results>
  </test-suite>
</test-results>